This is e-pTeX, Version 3.141592653-p3.9.1-210218-2.6 (utf8.euc) (TeX Live 2022/dev/Debian) (preloaded format=platex 2024.3.16)  13 SEP 2024 09:49
entering extended mode
 restricted \write18 enabled.
 file:line:error style messages enabled.
 %&-line parsing enabled.
**/home/altair/OneDrive/5th_year_report_assignment/tex_report5s_2024/main.tex
(/home/altair/OneDrive/5th_year_report_assignment/tex_report5s_2024/main.tex
pLaTeX2e <2021-11-15> (based on LaTeX2e <2021-11-15> patch level 1)
L3 programming layer <2022-01-21> (/usr/share/texlive/texmf-dist/tex/latex/plautopatch/plautopatch.sty
Package: plautopatch 2021/12/07 v0.9q Automated patches for pLaTeX/upLaTeX
) (/usr/share/texlive/texmf-dist/tex/platex/jsclasses/jsarticle.cls
Document Class: jsarticle 2021/06/28 jsclasses (okumura, texjporg)
\jsc@mpt=\dimen154
\jsc@mmm=\dimen155
\jsc@smallskipamount=\skip47
LaTeX Info: Redefining \textmc on input line 497.
LaTeX Info: Redefining \textgt on input line 499.
\symmincho=\mathgroup4
LaTeX Font Info:    Overwriting symbol font `mincho' in version `bold'
(Font)                  JY1/mc/m/n --> JY1/gt/m/n on input line 561.
LaTeX Font Info:    Font shape `JT1/mc/m/n' will be
(Font)              scaled to size 9.60999pt on input line 755.
LaTeX Font Info:    Font shape `JY1/mc/m/n' will be
(Font)              scaled to size 9.60999pt on input line 755.
\fullwidth=\dimen156
LaTeX Font Info:    Font shape `JT1/mc/m/n' will be
(Font)              scaled to size 7.68799pt on input line 908.
LaTeX Font Info:    Font shape `JY1/mc/m/n' will be
(Font)              scaled to size 7.68799pt on input line 908.
\c@part=\count184
\c@section=\count185
\c@subsection=\count186
\c@subsubsection=\count187
\c@paragraph=\count188
\c@subparagraph=\count189
\@abstractbox=\box67
\c@figure=\count190
\c@table=\count191
\abovecaptionskip=\skip48
\belowcaptionskip=\skip49
\jsc@tocl@width=\dimen157
\@lnumwidth=\dimen158
\bibindent=\dimen159
(/usr/share/texlive/texmf-dist/tex/platex/jsclasses/jslogo.sty
Package: jslogo 2019/07/25 okumura, texjporg
LaTeX Info: Redefining \TeX on input line 82.
LaTeX Info: Redefining \LaTeX on input line 135.
LaTeX Info: Redefining \LaTeXe on input line 188.
)
\heisei=\count192
) (/usr/share/texlive/texmf-dist/tex/latex/base/fontenc.sty
Package: fontenc 2021/04/29 v2.0v Standard LaTeX package
) (/usr/share/texmf/tex/latex/lm/lmodern.sty
Package: lmodern 2009/10/30 v1.6 Latin Modern Fonts
LaTeX Font Info:    Overwriting symbol font `operators' in version `normal'
(Font)                  OT1/cmr/m/n --> OT1/lmr/m/n on input line 22.
LaTeX Font Info:    Overwriting symbol font `letters' in version `normal'
(Font)                  OML/cmm/m/it --> OML/lmm/m/it on input line 23.
LaTeX Font Info:    Overwriting symbol font `symbols' in version `normal'
(Font)                  OMS/cmsy/m/n --> OMS/lmsy/m/n on input line 24.
LaTeX Font Info:    Overwriting symbol font `largesymbols' in version `normal'
(Font)                  OMX/cmex/m/n --> OMX/lmex/m/n on input line 25.
LaTeX Font Info:    Overwriting symbol font `operators' in version `bold'
(Font)                  OT1/cmr/bx/n --> OT1/lmr/bx/n on input line 26.
LaTeX Font Info:    Overwriting symbol font `letters' in version `bold'
(Font)                  OML/cmm/b/it --> OML/lmm/b/it on input line 27.
LaTeX Font Info:    Overwriting symbol font `symbols' in version `bold'
(Font)                  OMS/cmsy/b/n --> OMS/lmsy/b/n on input line 28.
LaTeX Font Info:    Overwriting symbol font `largesymbols' in version `bold'
(Font)                  OMX/cmex/m/n --> OMX/lmex/m/n on input line 29.
LaTeX Font Info:    Overwriting math alphabet `\mathbf' in version `normal'
(Font)                  OT1/cmr/bx/n --> OT1/lmr/bx/n on input line 31.
LaTeX Font Info:    Overwriting math alphabet `\mathsf' in version `normal'
(Font)                  OT1/cmss/m/n --> OT1/lmss/m/n on input line 32.
LaTeX Font Info:    Overwriting math alphabet `\mathit' in version `normal'
(Font)                  OT1/cmr/m/it --> OT1/lmr/m/it on input line 33.
LaTeX Font Info:    Overwriting math alphabet `\mathtt' in version `normal'
(Font)                  OT1/cmtt/m/n --> OT1/lmtt/m/n on input line 34.
LaTeX Font Info:    Overwriting math alphabet `\mathbf' in version `bold'
(Font)                  OT1/cmr/bx/n --> OT1/lmr/bx/n on input line 35.
LaTeX Font Info:    Overwriting math alphabet `\mathsf' in version `bold'
(Font)                  OT1/cmss/bx/n --> OT1/lmss/bx/n on input line 36.
LaTeX Font Info:    Overwriting math alphabet `\mathit' in version `bold'
(Font)                  OT1/cmr/bx/it --> OT1/lmr/bx/it on input line 37.
LaTeX Font Info:    Overwriting math alphabet `\mathtt' in version `bold'
(Font)                  OT1/cmtt/m/n --> OT1/lmtt/m/n on input line 38.
) (/usr/share/texlive/texmf-dist/tex/latex/amsmath/amsmath.sty
Package: amsmath 2021/10/15 v2.17l AMS math features
\@mathmargin=\skip50
For additional information on amsmath, use the `?' option.
(/usr/share/texlive/texmf-dist/tex/latex/amsmath/amstext.sty
Package: amstext 2021/08/26 v2.01 AMS text
(/usr/share/texlive/texmf-dist/tex/latex/amsmath/amsgen.sty
File: amsgen.sty 1999/11/30 v2.0 generic functions
\@emptytoks=\toks17
\ex@=\dimen160
)) (/usr/share/texlive/texmf-dist/tex/latex/amsmath/amsbsy.sty
Package: amsbsy 1999/11/29 v1.2d Bold Symbols
\pmbraise@=\dimen161
) (/usr/share/texlive/texmf-dist/tex/latex/amsmath/amsopn.sty
Package: amsopn 2021/08/26 v2.02 operator names
)
\inf@bad=\count193
LaTeX Info: Redefining \frac on input line 234.
\uproot@=\count194
\leftroot@=\count195
LaTeX Info: Redefining \overline on input line 399.
\classnum@=\count196
\DOTSCASE@=\count197
LaTeX Info: Redefining \ldots on input line 496.
LaTeX Info: Redefining \dots on input line 499.
LaTeX Info: Redefining \cdots on input line 620.
\Mathstrutbox@=\box68
\strutbox@=\box69
\big@size=\dimen162
LaTeX Font Info:    Redeclaring font encoding OML on input line 743.
LaTeX Font Info:    Redeclaring font encoding OMS on input line 744.
\macc@depth=\count198
\c@MaxMatrixCols=\count199
\dotsspace@=\muskip16
\c@parentequation=\count266
\dspbrk@lvl=\count267
\tag@help=\toks18
\row@=\count268
\column@=\count269
\maxfields@=\count270
\andhelp@=\toks19
\eqnshift@=\dimen163
\alignsep@=\dimen164
\tagshift@=\dimen165
\tagwidth@=\dimen166
\totwidth@=\dimen167
\lineht@=\dimen168
\@envbody=\toks20
\multlinegap=\skip51
\multlinetaggap=\skip52
\mathdisplay@stack=\toks21
LaTeX Info: Redefining \[ on input line 2938.
LaTeX Info: Redefining \] on input line 2939.
) (/usr/share/texlive/texmf-dist/tex/latex/amsfonts/amssymb.sty
Package: amssymb 2013/01/14 v3.01 AMS font symbols
(/usr/share/texlive/texmf-dist/tex/latex/amsfonts/amsfonts.sty
Package: amsfonts 2013/01/14 v3.01 Basic AMSFonts support
\symAMSa=\mathgroup5
\symAMSb=\mathgroup6
LaTeX Font Info:    Redeclaring math symbol \hbar on input line 98.
LaTeX Font Info:    Overwriting math alphabet `\mathfrak' in version `bold'
(Font)                  U/euf/m/n --> U/euf/b/n on input line 106.
)) (/usr/share/texlive/texmf-dist/tex/latex/tools/bm.sty
Package: bm 2021/04/25 v1.2e Bold Symbol Support (DPC/FMi)
\symboldoperators=\mathgroup7
\symboldletters=\mathgroup8
\symboldsymbols=\mathgroup9
Package bm Info: No bold for \OMX/lmex/m/n, using \pmb.
\symboldmincho=\mathgroup10
Package bm Info: No bold for \U/msa/m/n, using \pmb.
Package bm Info: No bold for \U/msb/m/n, using \pmb.
LaTeX Font Info:    Redeclaring math alphabet \mathbf on input line 149.
) (/usr/share/texlive/texmf-dist/tex/latex/graphics/graphicx.sty
Package: graphicx 2021/09/16 v1.2d Enhanced LaTeX Graphics (DPC,SPQR)
(/usr/share/texlive/texmf-dist/tex/latex/graphics/keyval.sty
Package: keyval 2014/10/28 v1.15 key=value parser (DPC)
\KV@toks@=\toks22
) (/usr/share/texlive/texmf-dist/tex/latex/graphics/graphics.sty
Package: graphics 2021/03/04 v1.4d Standard LaTeX Graphics (DPC,SPQR)
(/usr/share/texlive/texmf-dist/tex/latex/graphics/trig.sty
Package: trig 2021/08/11 v1.11 sin cos tan (DPC)
) (/usr/share/texlive/texmf-dist/tex/latex/graphics-cfg/graphics.cfg
File: graphics.cfg 2016/06/04 v1.11 sample graphics configuration
)
Package graphics Info: Driver file: dvipdfmx.def on input line 107.
(/usr/share/texlive/texmf-dist/tex/latex/graphics-def/dvipdfmx.def
File: dvipdfmx.def 2021/03/18 v5.0j Graphics/color driver for dvipdfmx
))
\Gin@req@height=\dimen169
\Gin@req@width=\dimen170
) (/usr/share/texlive/texmf-dist/tex/latex/float/float.sty
Package: float 2001/11/08 v1.3d Float enhancements (AL)
\c@float@type=\count271
\float@exts=\toks23
\float@box=\box70
\@float@everytoks=\toks24
\@floatcapt=\box71
) (/usr/share/texlive/texmf-dist/tex/latex/tools/array.sty
Package: array 2021/10/04 v2.5f Tabular extension package (FMi)
\col@sep=\dimen171
\ar@mcellbox=\box72
\extrarowheight=\dimen172
\NC@list=\toks25
\extratabsurround=\skip53
\backup@length=\skip54
\ar@cellbox=\box73
) (/usr/share/texlive/texmf-dist/tex/latex/platex-tools/plarray.sty
Package: plarray 2021/12/11 v0.1i Tabular extension package for pLaTeX/upLaTeX
) (/usr/share/texlive/texmf-dist/tex/latex/tools/multicol.sty
Package: multicol 2021/10/28 v1.9b multicolumn formatting (FMi)
\c@tracingmulticols=\count272
\mult@box=\box74
\multicol@leftmargin=\dimen173
\c@unbalance=\count273
\c@collectmore=\count274
\doublecol@number=\count275
\multicoltolerance=\count276
\multicolpretolerance=\count277
\full@width=\dimen174
\page@free=\dimen175
\premulticols=\dimen176
\postmulticols=\dimen177
\multicolsep=\skip55
\multicolbaselineskip=\skip56
\partial@page=\box75
\last@line=\box76
\maxbalancingoverflow=\dimen178
\mult@rightbox=\box77
\mult@grightbox=\box78
\mult@firstbox=\box79
\mult@gfirstbox=\box80
\@tempa=\box81
\@tempa=\box82
\@tempa=\box83
\@tempa=\box84
\@tempa=\box85
\@tempa=\box86
\@tempa=\box87
\@tempa=\box88
\@tempa=\box89
\@tempa=\box90
\@tempa=\box91
\@tempa=\box92
\@tempa=\box93
\@tempa=\box94
\@tempa=\box95
\@tempa=\box96
\@tempa=\box97
\@tempa=\box98
\@tempa=\box99
\@tempa=\box100
\@tempa=\box101
\@tempa=\box102
\@tempa=\box103
\@tempa=\box104
\@tempa=\box105
\@tempa=\box106
\@tempa=\box107
\@tempa=\box108
\@tempa=\box109
\@tempa=\box110
\@tempa=\box111
\@tempa=\box112
\@tempa=\box113
\@tempa=\box114
\@tempa=\box115
\@tempa=\box116
\c@minrows=\count278
\c@columnbadness=\count279
\c@finalcolumnbadness=\count280
\last@try=\dimen179
\multicolovershoot=\dimen180
\multicolundershoot=\dimen181
\mult@nat@firstbox=\box117
\colbreak@box=\box118
\mc@col@check@num=\count281
) (/usr/share/texlive/texmf-dist/tex/latex/platex-tools/pxmulticol.sty
Package: pxmulticol 2018/11/25 v0.2 multicol package for pLaTeX
) (/usr/share/texlive/texmf-dist/tex/latex/ascmac/ascmac.sty
Package: ascmac 2020/01/15 v2.1 ascmac wrapper (community edition) 
(/usr/share/texlive/texmf-dist/tex/latex/ascmac/tascmac.sty
Package: tascmac 2020/01/15 v2.1 ascmac package (community edition) 
\@savetbaselineshift=\dimen182
\@saveybaselineshift=\dimen183
\scb@x=\box119
\scscb@x=\box120
\@bw=\dimen184
\@nbox=\box121
\@nbody=\box122
\@scw=\dimen185
\ascmac@hoboxa=\box123
\ascmac@hoboxb=\box124
\@itemh=\dimen186
\@iboxpos=\toks26
\@iboxstr=\box125
\@bwsp=\box126
\@@bwsp=\box127
\@bcal=\count282
\shaderule=\dimen187
)) (./eclbkbox.sty
\bk@bxb=\box128
\bk@bxa=\box129
\bk@lcnt=\count283
) (./indent.sty) (./report5s.sty (/usr/share/texlive/texmf-dist/tex/latex/cite/cite.sty
LaTeX Info: Redefining \cite on input line 302.
LaTeX Info: Redefining \nocite on input line 332.
Package: cite 2015/02/27  v 5.5
)
\c@problem=\count284
\c@example=\count285
\c@theorem=\count286
\c@definition=\count287
\c@lemma=\count288
)
LaTeX Font Info:    Trying to load font information for T1+lmr on input line 23.
(/usr/share/texmf/tex/latex/lm/t1lmr.fd
File: t1lmr.fd 2009/10/30 v1.6 Font defs for Latin Modern
) (/usr/share/texlive/texmf-dist/tex/latex/l3backend/l3backend-dvips.def
File: l3backend-dvips.def 2022-01-12 L3 backend support: dvips
\l__pdf_internal_box=\box130
\g__pdf_backend_object_int=\count289
\l__pdf_backend_content_box=\box131
\l__pdf_backend_model_box=\box132
\g__pdf_backend_annotation_int=\count290
\g__pdf_backend_link_int=\count291
\g__pdf_backend_link_sf_int=\count292
) (out/main.aux)
\openout1 = `main.aux'.

LaTeX Font Info:    Checking defaults for OML/cmm/m/it on input line 23.
LaTeX Font Info:    ... okay on input line 23.
LaTeX Font Info:    Checking defaults for OMS/cmsy/m/n on input line 23.
LaTeX Font Info:    ... okay on input line 23.
LaTeX Font Info:    Checking defaults for OT1/cmr/m/n on input line 23.
LaTeX Font Info:    ... okay on input line 23.
LaTeX Font Info:    Checking defaults for T1/cmr/m/n on input line 23.
LaTeX Font Info:    ... okay on input line 23.
LaTeX Font Info:    Checking defaults for TS1/cmr/m/n on input line 23.
LaTeX Font Info:    ... okay on input line 23.
LaTeX Font Info:    Checking defaults for OMX/cmex/m/n on input line 23.
LaTeX Font Info:    ... okay on input line 23.
LaTeX Font Info:    Checking defaults for U/cmr/m/n on input line 23.
LaTeX Font Info:    ... okay on input line 23.
LaTeX Font Info:    Checking defaults for JY1/mc/m/n on input line 23.
LaTeX Font Info:    ... okay on input line 23.
LaTeX Font Info:    Checking defaults for JT1/mc/m/n on input line 23.
LaTeX Font Info:    ... okay on input line 23.
(./cover.tex
LaTeX Font Info:    Trying to load font information for OT1+lmr on input line 6.
(/usr/share/texmf/tex/latex/lm/ot1lmr.fd
File: ot1lmr.fd 2009/10/30 v1.6 Font defs for Latin Modern
)
LaTeX Font Info:    Trying to load font information for OML+lmm on input line 6.
(/usr/share/texmf/tex/latex/lm/omllmm.fd
File: omllmm.fd 2009/10/30 v1.6 Font defs for Latin Modern
)
LaTeX Font Info:    Trying to load font information for OMS+lmsy on input line 6.
(/usr/share/texmf/tex/latex/lm/omslmsy.fd
File: omslmsy.fd 2009/10/30 v1.6 Font defs for Latin Modern
)
LaTeX Font Info:    Trying to load font information for OMX+lmex on input line 6.
(/usr/share/texmf/tex/latex/lm/omxlmex.fd
File: omxlmex.fd 2009/10/30 v1.6 Font defs for Latin Modern
)
LaTeX Font Info:    External font `lmex10' loaded for size
(Font)              <10> on input line 6.
LaTeX Font Info:    External font `lmex10' loaded for size
(Font)              <7> on input line 6.
LaTeX Font Info:    External font `lmex10' loaded for size
(Font)              <5> on input line 6.
LaTeX Font Info:    Font shape `JY1/mc/m/n' will be
(Font)              scaled to size 6.72699pt on input line 6.
LaTeX Font Info:    Font shape `JY1/mc/m/n' will be
(Font)              scaled to size 4.805pt on input line 6.
LaTeX Font Info:    Trying to load font information for U+msa on input line 6.
(/usr/share/texlive/texmf-dist/tex/latex/amsfonts/umsa.fd
File: umsa.fd 2013/01/14 v3.01 AMS symbols A
)
LaTeX Font Info:    Trying to load font information for U+msb on input line 6.
(/usr/share/texlive/texmf-dist/tex/latex/amsfonts/umsb.fd
File: umsb.fd 2013/01/14 v3.01 AMS symbols B
)
LaTeX Font Info:    Font shape `JY1/gt/m/n' will be
(Font)              scaled to size 9.60999pt on input line 6.
LaTeX Font Info:    Font shape `JY1/gt/m/n' will be
(Font)              scaled to size 6.72699pt on input line 6.
LaTeX Font Info:    Font shape `JY1/gt/m/n' will be
(Font)              scaled to size 4.805pt on input line 6.
LaTeX Font Info:    Font shape `JT1/mc/m/n' will be
(Font)              scaled to size 16.60605pt on input line 8.
LaTeX Font Info:    Font shape `JY1/mc/m/n' will be
(Font)              scaled to size 16.60605pt on input line 8.
LaTeX Font Info:    Font shape `JT1/mc/bx/n' in size <17.28> not available
(Font)              Font shape `JT1/gt/m/n' tried instead on input line 8.
LaTeX Font Info:    Font shape `JT1/gt/m/n' will be
(Font)              scaled to size 16.60605pt on input line 8.
LaTeX Font Info:    Font shape `JY1/mc/bx/n' in size <17.28> not available
(Font)              Font shape `JY1/gt/m/n' tried instead on input line 8.
LaTeX Font Info:    Font shape `JY1/gt/m/n' will be
(Font)              scaled to size 16.60605pt on input line 8.
LaTeX Font Info:    Font shape `JT1/mc/m/n' will be
(Font)              scaled to size 13.83836pt on input line 17.
LaTeX Font Info:    Font shape `JY1/mc/m/n' will be
(Font)              scaled to size 13.83836pt on input line 17.
LaTeX Font Info:    Font shape `JT1/mc/bx/n' in size <14.4> not available
(Font)              Font shape `JT1/gt/m/n' tried instead on input line 17.
LaTeX Font Info:    Font shape `JT1/gt/m/n' will be
(Font)              scaled to size 13.83836pt on input line 17.
LaTeX Font Info:    Font shape `JY1/mc/bx/n' in size <14.4> not available
(Font)              Font shape `JY1/gt/m/n' tried instead on input line 17.
LaTeX Font Info:    Font shape `JY1/gt/m/n' will be
(Font)              scaled to size 13.83836pt on input line 17.
LaTeX Font Info:    Font shape `JT1/mc/m/n' will be
(Font)              scaled to size 11.53198pt on input line 26.
LaTeX Font Info:    Font shape `JY1/mc/m/n' will be
(Font)              scaled to size 11.53198pt on input line 26.
LaTeX Font Info:    Font shape `JT1/mc/bx/n' in size <12> not available
(Font)              Font shape `JT1/gt/m/n' tried instead on input line 26.
LaTeX Font Info:    Font shape `JT1/gt/m/n' will be
(Font)              scaled to size 11.53198pt on input line 26.
LaTeX Font Info:    Font shape `JY1/mc/bx/n' in size <12> not available
(Font)              Font shape `JY1/gt/m/n' tried instead on input line 26.
LaTeX Font Info:    Font shape `JY1/gt/m/n' will be
(Font)              scaled to size 11.53198pt on input line 26.
LaTeX Font Info:    Font shape `JT1/mc/bx/n' in size <10> not available
(Font)              Font shape `JT1/gt/m/n' tried instead on input line 60.
LaTeX Font Info:    Font shape `JT1/gt/m/n' will be
(Font)              scaled to size 9.60999pt on input line 60.
LaTeX Font Info:    Font shape `JY1/mc/bx/n' in size <10> not available
(Font)              Font shape `JY1/gt/m/n' tried instead on input line 60.
LaTeX Font Info:    Font shape `JY1/gt/m/n' will be
(Font)              scaled to size 9.60999pt on input line 60.

Underfull \vbox (badness 10000) has occurred while \output is active []

[1


]) [2]
LaTeX Font Info:    Font shape `JT1/mc/m/n' will be
(Font)              scaled to size 19.9311pt on input line 45.
LaTeX Font Info:    Font shape `JY1/mc/m/n' will be
(Font)              scaled to size 19.9311pt on input line 45.
LaTeX Font Info:    Font shape `JT1/mc/bx/n' in size <20.74> not available
(Font)              Font shape `JT1/gt/m/n' tried instead on input line 45.
LaTeX Font Info:    Font shape `JT1/gt/m/n' will be
(Font)              scaled to size 19.9311pt on input line 45.
LaTeX Font Info:    Font shape `JY1/mc/bx/n' in size <20.74> not available
(Font)              Font shape `JY1/gt/m/n' tried instead on input line 45.
LaTeX Font Info:    Font shape `JY1/gt/m/n' will be
(Font)              scaled to size 19.9311pt on input line 45.
(./part10.tex
LaTeX Font Info:    Trying to load font information for T1+lmtt on input line 10.
(/usr/share/texmf/tex/latex/lm/t1lmtt.fd
File: t1lmtt.fd 2009/10/30 v1.6 Font defs for Latin Modern
) [1]) [2] (./part20.tex
File: logo.pdf Graphic file (type pdf)
<logo.pdf>
) [3] (./part30.tex
LaTeX Font Info:    Font shape `JT1/mc/m/n' will be
(Font)              scaled to size 6.72699pt on input line 6.
) [4] (./ref.tex
LaTeX Font Info:    Font shape `JT1/mc/m/it' in size <10> not available
(Font)              Font shape `JT1/mc/m/n' tried instead on input line 28.
LaTeX Font Info:    Font shape `JT1/mc/m/n' will be
(Font)              scaled to size 9.60999pt on input line 28.
LaTeX Font Info:    Font shape `JY1/mc/m/it' in size <10> not available
(Font)              Font shape `JY1/mc/m/n' tried instead on input line 28.
LaTeX Font Info:    Font shape `JY1/mc/m/n' will be
(Font)              scaled to size 9.60999pt on input line 28.
) [5]
***** List of packages loaded by `plautopatch': *****
 plarray, pxmulticol.
*****************************************************
(out/main.aux) ) 
Here is how much of TeX's memory you used:
 3762 strings out of 478741
 59226 string characters out of 5860982
 359316 words of memory out of 5000000
 22088 multiletter control sequences out of 15000+600000
 538559 words of font info for 113 fonts, out of 8000000 for 9000
 934 hyphenation exceptions out of 8191
 55i,11n,62p,363b,324s stack positions out of 5000i,500n,10000p,200000b,80000s

Output written on out/main.dvi (7 pages, 11800 bytes).
